<?xml version="1.0" encoding="UTF-8"?>
<!-- Generated by org.testng.reporters.JUnitReportReporter -->
<testsuite hostname="DESKTOP-2T86AC5" failures="0" tests="1" name="com.testrunner.TestRunner" time="10.251" errors="0" timestamp="01 Jul 2021 05:11:01 GMT" skipped="0">
  <testcase classname="com.testrunner.TestRunner" name="feature" time="10.251"/>
</testsuite> <!-- com.testrunner.TestRunner -->
